syntax
4: Expected no error output but found [minishell: : :command not found]
5: Expected [1] status but found [0]
5: Expected no error output but found [minishell: ! :command not found]
6: Expected [2] status but found [0]
6: Expected [syntax error near unexpected token `newline'] error output but found []
7: Expected [2] status but found [0]
7: Expected [syntax error near unexpected token `newline'] error output but found []
8: Expected [2] status but found [0]
8: Expected [syntax error near unexpected token `newline'] error output but found []
9: Expected [2] status but found [0]
9: Expected no output but found [> minishell: warning: here-document at line 0 delimited by end-of-file (wanted '')]
9: Expected [syntax error near unexpected token `newline'] error output but found []
10: Expected [2] status but found [0]
10: Expected [syntax error near unexpected token `newline'] error output but found [minishell: syntax error near unexpected token >]
11: Expected [2] status but found [0]
11: Expected [syntax error near unexpected token `>>'] error output but found [minishell: syntax error near unexpected token >]
12: Expected [2] status but found [0]
12: Expected [syntax error near unexpected token `>>'] error output but found [minishell: syntax error near unexpected token >]
13: Expected [2] status but found [0]
13: Expected no output but found [> minishell: warning: here-document at line 0 delimited by end-of-file (wanted '')
> minishell: warning: here-document at line 0 delimited by end-of-file (wanted '')]
13: Expected [syntax error near unexpected token `<<'] error output but found []
14: Expected [2] status but found [0]
14: Expected no output but found [> minishell: warning: here-document at line 0 delimited by end-of-file (wanted '')
> minishell: warning: here-document at line 0 delimited by end-of-file (wanted '')
> minishell: warning: here-document at line 0 delimited by end-of-file (wanted '')
> minishell: warning: here-document at line 0 delimited by end-of-file (wanted '')
> minishell: warning: here-document at line 0 delimited by end-of-file (wanted '')]
14: Expected [syntax error near unexpected token `<<'] error output but found []
15: Expected [2] status but found [0]
15: Expected [syntax error near unexpected token `>'] error output but found [minishell: syntax error near unexpected token >]
16: Expected [2] status but found [0]
16: Expected [syntax error near unexpected token `>>'] error output but found [minishell: syntax error near unexpected token >]
17: Expected [2] status but found [0]
17: Expected [syntax error near unexpected token `>>'] error output but found [minishell: syntax error near unexpected token >]
18: Expected [126] status but found [0]
18: Expected [/: Is a directory] error output but found [minishell: / :command not found]
19: Expected [126] status but found [0]
19: Expected [//: Is a directory] error output but found [minishell: // :command not found]
20: Expected [126] status but found [0]
20: Expected [/.: Is a directory] error output but found [minishell: /. :command not found]
21: Expected [126] status but found [0]
21: Expected [/./../../../../..: Is a directory] error output but found [minishell: /./../../../../.. :command not found]
22: Expected [126] status but found [0]
22: Expected [///////: Is a directory] error output but found [minishell: /////// :command not found]
23: Expected [127] status but found [0]
23: Expected [\: command not found] error output but found [minishell: \\ :command not found]
24: Expected [127] status but found [0]
24: Expected [\\: command not found] error output but found [minishell: \\\\ :command not found]
25: Expected [127] status but found [0]
25: Expected [\\\\: command not found] error output but found [minishell: \\\\\\\\ :command not found]
26: Expected [127] status but found [0]
26: Expected [-: command not found] error output but found [minishell: - :command not found]
27: Expected [2] status but found [0]
27: Expected [syntax error near unexpected token `|'] error output but found [minishell: syntax error near unexpected token '|']
28: Expected [2] status but found [0]
28: Expected [syntax error near unexpected token `|'] error output but found [minishell: syntax error near unexpected token '|']
29: Expected [2] status but found [0]
29: Expected [syntax error near unexpected token `|'] error output but found [minishell: syntax error near unexpected token '||']
30: Expected [2] status but found [0]
30: Expected [syntax error near unexpected token `||'] error output but found [minishell: syntax error near unexpected token '||']
31: Expected [2] status but found [0]
31: Expected [syntax error near unexpected token `||'] error output but found [minishell: syntax error near unexpected token '||']
32: Expected [2] status but found [0]
32: Expected [syntax error near unexpected token `||'] error output but found [minishell: syntax error near unexpected token '||']
33: Expected [2] status but found [0]
33: Expected [syntax error near unexpected token `|'] error output but found [minishell: syntax error near unexpected token <]
34: Expected [2] status but found [0]
34: Expected [syntax error near unexpected token `&&'] error output but found [minishell: && :command not found]
35: Expected [2] status but found [0]
35: Expected [syntax error near unexpected token `&&'] error output but found [minishell: &&&&& :command not found]
36: Expected [2] status but found [0]
36: Expected [syntax error near unexpected token `&&'] error output but found [minishell: &&&&&&&&&&&&&& :command not found]
37: Expected [2] status but found [0]
37: Expected [syntax error near unexpected token `;;'] error output but found [minishell: ;; :command not found]
38: Expected [2] status but found [0]
38: Expected [syntax error near unexpected token `;;'] error output but found [minishell: ;;;;; :command not found]
39: Expected [2] status but found [0]
39: Expected [syntax error near unexpected token `;;'] error output but found [minishell: ;;;;;;;;;;;;;;; :command not found]
40: Expected [2] status but found [0]
40: Expected [syntax error near unexpected token `)'] error output but found [minishell: () :command not found]
41: Expected [2] status but found [0]
41: Expected [syntax error near unexpected token `)'] error output but found [minishell: ( :command not found]
42: Expected [2] status but found [0]
42: Expected [syntax error near unexpected token `)'] error output but found [minishell: ( :command not found]
43: Expected [127] status but found [0]
43: Expected [: command not found] error output but found []
44: Expected [127] status but found [0]
44: Expected [hola: command not found] error output but found [minishell: hola :command not found]
45: Expected [127] status but found [0]
45: Expected [hola: command not found] error output but found [minishell: hola :command not found]
46: Expected [127] status but found [0]
46: Expected [: command not found] error output but found []
47: Expected [127] status but found [0]
47: Expected [: command not found] error output but found [minishell: * :command not found]
48: Expected [127] status but found [0]
48: Expected [: command not found] error output but found [minishell: */* :command not found]
49: Expected [127] status but found [0]
49: Expected [*/*: No such file or directory] error output but found [minishell: */* :command not found]
50: Expected [2] status but found [0]
50: Expected [.: filename argument required] error output but found [.: usage: . filename [arguments]]
51: Expected [127] status but found [0]
51: Expected [..: command not found] error output but found [minishell: .. :command not found]
52: Expected [126] status but found [0]
52: Expected [/home/bfresque: Is a directory] error output but found [minishell: ~ :command not found]
53: Expected [: command not found] error output but found [minishell: ABC=hola :command not found]
54: Expected [127] status but found [0]
54: Expected [4ABC=hola: command not found] error output but found [minishell: 4ABC=hola :command not found]
55: Expected [127] status but found [0]
55: Expected [hola: command not found] error output but found [minishell: hola :command not found]
56: Expected [127] status but found [0]
56: Expected [hola: command not found] error output but found [minishell: hola :command not found]
57: Expected [127] status but found [0]
57: Expected [Makefile: command not found] error output but found [minishell: Makefile :command not found]
echo
61: Expected [127] status but found [0]
61: Expected [echoHola: command not found] error output but found [minishell: echoHola :command not found]
62: Expected [127] status but found [0]
62: Expected [echo-nHola: command not found] error output but found [minishell: echo-nHola :command not found]
73: Expected [hola que tal] output but found []
73: Expected no error output but found [minishell: 'echo hola' :command not found]
94: Expected [$HOME] output but found [\/home/bfresque]
98: Expected [1000] output but found []
102: Expected [1000/home/bfresque%] output but found [/home/bfresque]
104: Expected [bfresque$USERbfresque$USERtestbfresque] output but found [bfresque\bfresquebfresque\bfresque]
107: Expected [2] status but found [0]
107: Expected [syntax error near unexpected token `<'] error output but found [minishell: syntax error near unexpected token <]
108: Expected [2] status but found [0]
108: Expected [syntax error near unexpected token `|'] error output but found [minishell: syntax error near unexpected token '||']
109: Expected [127] status but found [0]
109: Expected [EechoE: command not found] error output but found [minishell: EechoE :command not found]
110: Expected [127] status but found [0]
110: Expected [.echo.: command not found] error output but found [minishell: .echo. :command not found]
111: Expected [2] status but found [0]
111: Expected [syntax error near unexpected token `newline'] error output but found []
112: Expected [2] status but found [0]
112: Expected [syntax error near unexpected token `newline'] error output but found []
113: Expected [2] status but found [0]
113: Expected [syntax error near unexpected token `newline'] error output but found []
114: Expected [2] status but found [0]
114: Expected [syntax error near unexpected token `|'] error output but found [minishell: syntax error near unexpected token '|']
115: Expected [2] status but found [0]
115: Expected [syntax error near unexpected token `|'] error output but found [minishell: syntax error near unexpected token '|']
116: Expected [minitester.sh] output but found [*]
118: Expected [minitester.sh] output but found [minit*]
120: Expected [minitester.sh hola] output but found [*h hola]
121: Expected [minitester.sh] output but found [*h]
124: Expected [minitester.sh] output but found [*]
153: Expected [0] status but found [134]
155: Expected [echo'hola': command not found] error output but found []
156: Expected [127] status but found [0]
156: Expected no error output but found [minishell: echo'hola" :command not found]
163: Expected [echo hola: command not found] error output but found []
164: Expected [127] status but found [0]
164: Expected [echo hola: command not found] error output but found [minishell: echo hola :command not found]
165: Expected [127] status but found [0]
165: Expected no error output but found [minishell: echo hola :command not found]
173: Expected [bonjour] output but found []
173: Expected [e'c'ho 'b'onjo'u'r: command not found] error output but found [minishell: e'cho b"onj"o"'u'r :command not found]
174: Expected [127] status but found [0]
174: Expected no error output but found [minishell: e'cho 'b'"o"nj"o"'u'r" :command not found]
177: Expected [0] status but found [134]
dollar
178: Expected [127] status but found [0]
178: Expected [0: command not found] error output but found []
179: Expected [127] status but found [0]
179: Expected [00: command not found] error output but found []
180: Expected [127] status but found [0]
180: Expected [?/home/bfresque: command not found] error output but found [minishell: ?$HOME :command not found]
181: Expected [127] status but found [0]
181: Expected [$: command not found] error output but found [minishell: $ :command not found]
182: Expected [126] status but found [0]
182: Expected [/home/bfresque: Is a directory] error output but found []
183: Expected no error output but found [minishell: $HOMEdskjhfkdshfsd :command not found]
184: Expected [127] status but found [0]
184: Expected [: command not found] error output but found [minishell: $HOMEdskjhfkdshfsd :command not found]
185: Expected [127] status but found [0]
185: Expected [$HOMEdskjhfkdshfsd: command not found] error output but found [minishell: $HOMEdskjhfkdshfsd :command not found]
186: Expected no error output but found [minishell: $DONTEXIST :command not found]
187: Expected [127] status but found [0]
187: Expected [-R: command not found] error output but found []
envvar
189: Expected [127] status but found [0]
189: Expected [env:  ªhola
Äô: No such file or directory] error output but found [env: ¬´hola¬ª: Aucun fichier ou dossier de ce type]
190: Expected [127] status but found [0]
190: Expected [env:  ªhola
Äô: No such file or directory] error output but found [env: ¬´hola¬ª: Aucun fichier ou dossier de ce type]
194: Expected [126] status but found [0]
197: Expected [export PATH="..."] output but found [export SHELL="/usr/bin/zsh"
export LSCOLORS="Gxfxcxdxbxegedabagacad"
export SESSION_MANAGER="local/bfresque-Standard-PC-Q35-ICH9-2009:@/tmp/.ICE-unix/1154,unix/bfresque-Standard-PC-Q35-ICH9-2009:/tmp/.ICE-unix/1154"
export USER_ZDOTDIR="/home/bfresque"
export QT_ACCESSIBILITY="1"]
202: Expected [1] status but found [0]
202: Expected [minishell: export: `': not a valid identifier] error output but found [minishell: export: `""': not a valid identifier]
203: Expected [1] status but found [0]
203: Expected [minishell: export:  ª=': not a valid identifier] error output but found [minishell: export: `': not a valid identifier]
204: Expected [1] status but found [0]
204: Expected [minishell: export:  ª%': not a valid identifier] error output but found [minishell: export: `%': not a valid identifier]
205: Expected [1] status but found [0]
205: Expected no output but found [export SHELL="/usr/bin/zsh"
export LSCOLORS="Gxfxcxdxbxegedabagacad"
export SESSION_MANAGER="local/bfresque-Standard-PC-Q35-ICH9-2009:@/tmp/.ICE-unix/1154,unix/bfresque-Standard-PC-Q35-ICH9-2009:/tmp/.ICE-unix/1154"
export USER_ZDOTDIR="/home/bfresque"
export QT_ACCESSIBILITY="1"]
205: Expected [minishell: export: `0': not a valid identifier] error output but found []
206: Expected [1] status but found [0]
206: Expected [minishell: export:  ª?=2': not a valid identifier] error output but found [minishell: export: `?': not a valid identifier]
207: Expected [1] status but found [0]
207: Expected [minishell: export:  ª9HOLA=': not a valid identifier] error output but found [minishell: export: `9HOLA': not a valid identifier]
212: Expected [1] status but found [0]
212: Expected [minishell: export:  ªHOL@=bonjour
Äô: not a valid identifier] error output but found [minishell: export: `HOL@': not a valid identifier]
213: Expected [1] status but found [0]
213: Expected [minishell: export: `HOL~A=bonjour': not a valid identifier] error output but found [minishell: export: `HOL\~A': not a valid identifier]
214: Expected [2] status but found [0]
214: Expected [minishell: export: -H: invalid option] error output but found [minishell: export: `-HOLA': not a valid identifier]
215: Expected [2] status but found [0]
215: Expected [minishell: export: --: invalid option] error output but found [minishell: export: `--HOLA': not a valid identifier]
216: Expected [1] status but found [0]
216: Expected [minishell: export: `HOLA-=bonjour': not a valid identifier] error output but found [minishell: export: `HOLA-': not a valid identifier]
217: Expected [1] status but found [0]
217: Expected [minishell: export: `HO-LA=bonjour': not a valid identifier] error output but found [minishell: export: `HO-LA': not a valid identifier]
218: Expected [1] status but found [0]
218: Expected [minishell: export: `HOL.A=bonjour': not a valid identifier] error output but found [minishell: export: `HOL.A': not a valid identifier]
219: Expected [1] status but found [0]
219: Expected [minishell: export: `HOL\$A=bonjour': not a valid identifier] error output but found []
220: Expected [1] status but found [0]
220: Expected [minishell: export: `HO\\LA=bonjour': not a valid identifier] error output but found []
221: Expected [1] status but found [0]
221: Expected [minishell: export: `HOL}A=bonjour': not a valid identifier] error output but found [minishell: export: `HOL}A': not a valid identifier]
222: Expected [1] status but found [0]
222: Expected [minishell: export: `HOL{A=bonjour': not a valid identifier] error output but found [minishell: export: `HOL{A': not a valid identifier]
223: Expected [1] status but found [0]
223: Expected [minishell: export: `HO*LA=bonjour': not a valid identifier] error output but found [minishell: export: `HO*LA': not a valid identifier]
224: Expected [1] status but found [0]
224: Expected [minishell: export: `HO#LA=bonjour': not a valid identifier] error output but found [minishell: export: `HO#LA': not a valid identifier]
225: Expected [1] status but found [0]
225: Expected [minishell: export: `HO@LA=bonjour': not a valid identifier] error output but found [minishell: export: `HO@LA': not a valid identifier]
226: Expected [minishell: !LA=bonjour: event not found] error output but found [minishell: export: `HO!LA': not a valid identifier]
227: Expected [HO0LA=bonjour] output but found [SHELL=/usr/bin/zsh
LSCOLORS=Gxfxcxdxbxegedabagacad
SESSION_MANAGER=local/bfresque-Standard-PC-Q35-ICH9-2009:@/tmp/.ICE-unix/1154,unix/bfresque-Standard-PC-Q35-ICH9-2009:/tmp/.ICE-unix/1154
USER_ZDOTDIR=/home/bfresque
QT_ACCESSIBILITY=1]
227: Expected no error output but found [minishell: export: `HO$?LA': not a valid identifier]
228: Expected [1] status but found [0]
228: Expected [minishell: export: `+HOLA=bonjour': not a valid identifier] error output but found [minishell: export: `+HOLA': not a valid identifier]
229: Expected [1] status but found [0]
229: Expected [minishell: export: `HOL+A=bonjour': not a valid identifier] error output but found [minishell: export: `HOL+A': not a valid identifier]
230: Expected [HOLA=bonjour] output but found [SHELL=/usr/bin/zsh
LSCOLORS=Gxfxcxdxbxegedabagacad
SESSION_MANAGER=local/bfresque-Standard-PC-Q35-ICH9-2009:@/tmp/.ICE-unix/1154,unix/bfresque-Standard-PC-Q35-ICH9-2009:/tmp/.ICE-unix/1154
USER_ZDOTDIR=/home/bfresque
QT_ACCESSIBILITY=1]
230: Expected no error output but found [minishell: export: `HOLA+': not a valid identifier]
231: Expected [HOLA=bonjourbonjour] output but found [SHELL=/usr/bin/zsh
LSCOLORS=Gxfxcxdxbxegedabagacad
SESSION_MANAGER=local/bfresque-Standard-PC-Q35-ICH9-2009:@/tmp/.ICE-unix/1154,unix/bfresque-Standard-PC-Q35-ICH9-2009:/tmp/.ICE-unix/1154
USER_ZDOTDIR=/home/bfresque
QT_ACCESSIBILITY=1]
231: Expected no error output but found [minishell: export: `HOLA+': not a valid identifier]
232: Expected no error output but found [minishell: exportHOLA=bonjour :command not found]
233: Expected [1] status but found [0]
233: Expected [minishell: export:  ª=bonjour
Äô: not a valid identifier] error output but found [minishell: export: `': not a valid identifier]
234: Expected [1] status but found [0]
234: Expected [minishell: export:  ª=': not a valid identifier] error output but found [minishell: export: `': not a valid identifier]
242: Expected [HOLA=bonjour] output but found [SHELL=/usr/bin/zsh
LSCOLORS=Gxfxcxdxbxegedabagacad
SESSION_MANAGER=local/bfresque-Standard-PC-Q35-ICH9-2009:@/tmp/.ICE-unix/1154,unix/bfresque-Standard-PC-Q35-ICH9-2009:/tmp/.ICE-unix/1154
USER_ZDOTDIR=/home/bfresque
QT_ACCESSIBILITY=1]
243: Expected [HOLA=bon\jour] output but found [SHELL=/usr/bin/zsh
LSCOLORS=Gxfxcxdxbxegedabagacad
SESSION_MANAGER=local/bfresque-Standard-PC-Q35-ICH9-2009:@/tmp/.ICE-unix/1154,unix/bfresque-Standard-PC-Q35-ICH9-2009:/tmp/.ICE-unix/1154
USER_ZDOTDIR=/home/bfresque
QT_ACCESSIBILITY=1]
244: Expected [2] status but found [0]
244: Expected [minishell: syntax error near unexpected token `('] error output but found []
245: Expected [2] status but found [0]
245: Expected [minishell: syntax error near unexpected token `('] error output but found []
246: Expected [127] status but found [0]
246: Expected [jour: command not found] error output but found []
247: Expected [HOLA=bon@jour] output but found [SHELL=/usr/bin/zsh
LSCOLORS=Gxfxcxdxbxegedabagacad
SESSION_MANAGER=local/bfresque-Standard-PC-Q35-ICH9-2009:@/tmp/.ICE-unix/1154,unix/bfresque-Standard-PC-Q35-ICH9-2009:/tmp/.ICE-unix/1154
USER_ZDOTDIR=/home/bfresque
QT_ACCESSIBILITY=1]
248: Expected no output but found [SHELL=/usr/bin/zsh
LSCOLORS=Gxfxcxdxbxegedabagacad
SESSION_MANAGER=local/bfresque-Standard-PC-Q35-ICH9-2009:@/tmp/.ICE-unix/1154,unix/bfresque-Standard-PC-Q35-ICH9-2009:/tmp/.ICE-unix/1154
USER_ZDOTDIR=/home/bfresque
QT_ACCESSIBILITY=1]
248: Expected [jour: command not found


HOLA=bon] error output but found []
249: Expected [1] status but found [0]
249: Expected [minishell: !jour: event not found] error output but found []
252: Expected [HOLA=bonjour=casse-toi] output but found []
253: Expected [HOLA=bonjour=casse-toi] output but found [bonjour=casse-toi]
254: Expected [bonjour et casse-toi] output but found [bonjour et]
255: Expected [bonjour et casse-toi] output but found [bonjour et]
257: Expected [bonjour$] output but found [bonjour      $]
258: Expected [bonjour$>] output but found [   -n bonjour   ]
259: Expected [bonjour /] output but found [bonjour   /]
260: Expected [ " $] output but found [ "' $]
261: Expected [[cela affiche le Makefile]] output but found []
261: Expected no error output but found [minishell: c$HOLA :command not found]
262: Expected [1] status but found [0]
262: Expected [HOLA=bonjour] output but found [SHELL=/usr/bin/zsh
LSCOLORS=Gxfxcxdxbxegedabagacad
SESSION_MANAGER=local/bfresque-Standard-PC-Q35-ICH9-2009:@/tmp/.ICE-unix/1154,unix/bfresque-Standard-PC-Q35-ICH9-2009:/tmp/.ICE-unix/1154
USER_ZDOTDIR=/home/bfresque
QT_ACCESSIBILITY=1]
262: Expected [minishell: export: `': not a valid identifier] error output but found [minishell: export: `""': not a valid identifier]
263: Expected no error output but found [free(): invalid pointer]
265: Expected [bonjour hey$] output but found [  bonjour  hey  $]
266: Expected [   bonjour    hey    $] output but found [  bonjour  hey  $]
267: Expected [wesh   bonjour    hey    $] output but found [wesh  bonjour  hey  $]
268: Expected [wesh bonjour hey .] output but found [wesh  bonjour  hey  .]
269: Expected [weshHOLA.] output but found [wesh$HOLA.]
270: Expected [weshHOLA HOLA.] output but found [wesh$HOLA HOLA.]
272: Expected [hola et $HOLA] output but found [ hola et bonjour]
273: Expected [hola et bonjourbonjour] output but found []
274: Expected [ls -l - a] output but found [ls        -l    - a]
275: Expected [total] output but found []
275: Expected no error output but found [minishell: l$HOLA :command not found]
276: Expected [127] status but found [0]
276: Expected [ls -la: command not found] error output but found [minishell: l$HOLA :command not found]
277: Expected [127] status but found [0]
277: Expected [l$HOLA: command not found] error output but found [minishell: l$HOLA :command not found]
278: Expected no error output but found [minishell: $HOLAs :command not found]
279: Expected [minitester.sh] output but found []
279: Expected no error output but found [minishell: $HOLAs :command not found]
280: Expected [HOL=A=bonjour] output but found [SHELL=/usr/bin/zsh
LSCOLORS=Gxfxcxdxbxegedabagacad
SESSION_MANAGER=local/bfresque-Standard-PC-Q35-ICH9-2009:@/tmp/.ICE-unix/1154,unix/bfresque-Standard-PC-Q35-ICH9-2009:/tmp/.ICE-unix/1154
USER_ZDOTDIR=/home/bfresque
QT_ACCESSIBILITY=1]
281: Expected [127] status but found [0]
281: Expected [$HOLAs: command not found] error output but found [minishell: $HOLAs :command not found]
282: Expected [HOL=A=] output but found [SHELL=/usr/bin/zsh
LSCOLORS=Gxfxcxdxbxegedabagacad
SESSION_MANAGER=local/bfresque-Standard-PC-Q35-ICH9-2009:@/tmp/.ICE-unix/1154,unix/bfresque-Standard-PC-Q35-ICH9-2009:/tmp/.ICE-unix/1154
USER_ZDOTDIR=/home/bfresque
QT_ACCESSIBILITY=1]
283: Expected [1] status but found [0]
283: Expected no output but found [SHELL=/usr/bin/zsh
LSCOLORS=Gxfxcxdxbxegedabagacad
SESSION_MANAGER=local/bfresque-Standard-PC-Q35-ICH9-2009:@/tmp/.ICE-unix/1154,unix/bfresque-Standard-PC-Q35-ICH9-2009:/tmp/.ICE-unix/1154
USER_ZDOTDIR=/home/bfresque
QT_ACCESSIBILITY=1]
283: Expected [minishell: export: `TE+S=T': not a valid identifier] error output but found [minishell: export: `TE+S': not a valid identifier]
284: Expected [1] status but found [0]
284: Expected [minishell: export: `=': not a valid identifier] error output but found [minishell: export: `""': not a valid identifier]
285: Expected [1] status but found [0]
285: Expected [minishell: export: `=': not a valid identifier] error output but found [minishell: export: `''': not a valid identifier]
286: Expected [1] status but found [0]
286: Expected [minishell: export: `===': not a valid identifier] error output but found []
287: Expected [1] status but found [0]
287: Expected [minishell: export: `===': not a valid identifier] error output but found []
288: Expected [127] status but found [0]
288: Expected [pBYEd: command not found] error output but found []
289: Expected [127] status but found [0]
289: Expected [p$BYEd: command not found] error output but found [minishell: $HOLA'$BYEd :command not found]
290: Expected [/home/bfresque/T√©l√©chargements/9-Minishell-main/minishell42tester] output but found []
290: Expected no error output but found [minishell: $HOLA$BYEd :command not found]
291: Expected [127] status but found [0]
291: Expected [HOLABYEd: command not found] error output but found [minishell: $HOLA$BYEd :command not found]
292: Expected [127] status but found [0]
292: Expected [HOLABYEd: command not found] error output but found [minishell: $HOLA$BYEd :command not found]
293: Expected [127] status but found [0]
293: Expected no output but found [$HOLA hey]
293: Expected [echo -n: command not found] error output but found []
298: Expected [127] status but found [0]
299: Expected [1] status but found [0]
299: Expected [minishell: unset: `': not a valid identifier] error output but found []
302: Expected no error output but found [minishell: cd: : No such file or directory]
304: Expected [1] status but found [0]
304: Expected [minishell: unset: `9HOLA': not a valid identifier] error output but found []
306: Expected [1] status but found [0]
306: Expected [minishell: unset: `HOL?A': not a valid identifier] error output but found []
307: Expected [1] status but found [0]
307: Expected [minishell: unset: `HOL?A': not a valid identifier] error output but found []
308: Expected [1] status but found [0]
308: Expected [minishell: unset: `HOL?A': not a valid identifier] error output but found []
309: Expected [1] status but found [0]
309: Expected [minishell: unset: `HOL?A': not a valid identifier


minishell: unset: `HOL.A': not a valid identifier] error output but found []
310: Expected [1] status but found [0]
310: Expected [minishell: unset: `HOLA=': not a valid identifier] error output but found []
311: Expected [1] status but found [0]
311: Expected [minishell: unset: `HOL\\A': not a valid identifier] error output but found []
312: Expected [127] status but found [0]
312: Expected [A: command not found] error output but found []
313: Expected [1] status but found [0]
313: Expected [minishell: unset: `HOL.A': not a valid identifier] error output but found []
314: Expected [1] status but found [0]
314: Expected [minishell: unset: `HOL+A': not a valid identifier] error output but found []
315: Expected [1] status but found [0]
315: Expected [minishell: unset: `HOL=A': not a valid identifier] error output but found []
316: Expected [1] status but found [0]
316: Expected [minishell: unset: `HOL{A': not a valid identifier] error output but found []
317: Expected [1] status but found [0]
317: Expected [minishell: unset: `HOL}A': not a valid identifier] error output but found []
318: Expected [1] status but found [0]
318: Expected [minishell: unset: `HOL-A': not a valid identifier] error output but found []
319: Expected [2] status but found [0]
319: Expected [minishell: unset: -H: invalid option] error output but found []
323: Expected [1] status but found [0]
323: Expected [minishell: unset: `HOL*A': not a valid identifier] error output but found []
324: Expected [1] status but found [0]
324: Expected [minishell: unset: `HOL#A': not a valid identifier] error output but found []
326: Expected [1] status but found [0]
326: Expected [minishell: unset: `/home/bfresque/T√©l√©chargements/9-Minishell-main/minishell42tester': not a valid identifier] error output but found []
327: Expected [1] status but found [0]
327: Expected [minishell: unset: `HOL@': not a valid identifier] error output but found []
328: Expected [1] status but found [0]
328: Expected [minishell: !A: event not found] error output but found []
329: Expected [1] status but found [0]
329: Expected [minishell: unset: `HOL^A': not a valid identifier] error output but found []
331: Expected [1] status but found [0]
331: Expected [minishell: unset: `HOL~': not a valid identifier] error output but found []
332: Expected [minishell: unset: `': not a valid identifier] error output but found []
334: Expected [1] status but found [0]
335: Expected [minishell: unset: `=': not a valid identifier] error output but found []
336: Expected [minishell: unset: `======': not a valid identifier] error output but found []
337: Expected [minishell: unset: `++++++': not a valid identifier] error output but found []
cdpwd
350: Expected [2] status but found [0]
350: Expected no output but found [/home/bfresque/T√©l√©chargements/9-Minishell-main/minishell42tester]
350: Expected [pwd: -p: invalid option] error output but found []
351: Expected [2] status but found [0]
351: Expected no output but found [/home/bfresque/T√©l√©chargements/9-Minishell-main/minishell42tester]
351: Expected [pwd: --: invalid option] error output but found []
352: Expected [2] status but found [0]
352: Expected no output but found [/home/bfresque/T√©l√©chargements/9-Minishell-main/minishell42tester]
352: Expected [pwd: --: invalid option] error output but found []
367: Expected no error output but found [minishell: cd: srcs: No such file or directory]
368: Expected [1] status but found [0]
369: Expected no error output but found [minishell: cd: srcs: No such file or directory]
370: Expected no error output but found [minishell: cd: srcs: No such file or directory]
374: Expected [1] status but found [0]
375: Expected [1] status but found [0]
375: Expected [cd: Makefile: Not a directory] error output but found [minishell: cd: Makefile: No such file or directory]
376: Expected no error output but found [minishell: cd: ../minishell: Not a directory]
378: Expected [1] status but found [0]
381: Expected [//] output but found [/]
382: Expected [//] output but found [/]
386: Expected [1] status but found [0]
388: Expected [1] status but found [0]
389: Expected [/home/bfresque/T√©l√©chargements/9-Minishell-main/minishell42tester] output but found []
389: Expected no error output but found [minishell: cd: -: No such file or directory]
390: Expected no error output but found [minishell: cd: --: No such file or directory]
391: Expected [2] status but found [0]
391: Expected [cd: --: invalid option] error output but found [minishell: cd: ---: No such file or directory]
393: Expected [1] status but found [0]
395: Expected no error output but found [minishell: cd: /home/bfresque/T√©l√©chargements/9-Minishell-main/minishell42tester/srcs: No such file or directory]
396: Expected [1] status but found [0]
396: Expected [cd: $PWD/srcs: No such file or directory] error output but found [minishell: cd: /home/bfresque/T√©l√©chargements/9-Minishell-main/minishell42tester/srcs: No such file or directory]
397: Expected [1] status but found [0]
397: Expected [cd: HOME not set] error output but found [minishell: cd: : No such file or directory]
398: Expected no error output but found [minishell: cd: : No such file or directory]
399: Expected [1] status but found [0]
400: Expected [1] status but found [0]
403: Expected no error output but found [minishell: cd: ~/: No such file or directory]
405: Expected no error output but found [minishell: cd: *: No such file or directory]
406: Expected [1] status but found [0]
406: Expected [cd: minishell: No such file or directory] error output but found [minishell: cd: *: No such file or directory]
407: Expected [1] status but found [0]
407: Expected [cd: too many arguments] error output but found [minishell: cd: *: No such file or directory]
408: Expected [1] status but found [0]
408: Expected [chdir: error retrieving current directory: getcwd: cannot access parent directories: No such file or directory] error output but found [rm: impossible de supprimer 'a': Aucun fichier ou dossier de ce type
mkdir: impossible de cr√©er le r√©pertoire ¬´a/b¬ª: Aucun fichier ou dossier de ce type
minishell: cd: a/b: No such file or directory]
409: Expected [1] status but found [0]
409: Expected [pwd: error retrieving current directory: getcwd: cannot access parent directories: No such file or directory] error output but found []
410: Expected no error output but found [munmap_chunk(): invalid pointer
munmap_chunk(): invalid pointer]
411: Expected no error output but found [munmap_chunk(): invalid pointer]
412: Expected no error output but found [munmap_chunk(): invalid pointer
munmap_chunk(): invalid pointer]
414: Expected [/home/bfresque] output but found []
414: Expected no error output but found [minishell: cd: mnt/nfs/homes/bfresque: No such file or directory]
exit
417: Expected no output but found [exit]
417: Expected [exit] error output but found []
418: Expected no output but found [2 JE SUIS LE BASIC]
419: Expected no output but found [2 JE SUIS LE BASIC]
420: Expected [2] status but found [0]
424: Expected [1] status but found [0]
425: Expected [1] status but found [0]
426: Expected [2] status but found [0]
427: Expected [1] status but found [0]
428: Expected [1] status but found [0]
429: Expected [2] status but found [0]
436: Expected [154] status but found [2]
436: Expected no output but found [2 JE SUIS LE BASIC]
438: Expected [0] status but found [2]
438: Expected no output but found [2 JE SUIS LE BASIC]
440: Expected [42] status but found [2]
440: Expected no output but found [2 JE SUIS LE BASIC]
441: Expected [1] status but found [0]
442: Expected [2] status but found [0]
443: Expected no output but found [2 JE SUIS LE BASIC]
444: Expected no output but found [2 JE SUIS LE BASIC]
445: Expected [2] status but found [0]
449: Expected [154] status but found [2]
449: Expected no output but found [2 JE SUIS LE BASIC]
450: Expected [2] status but found [0]
451: Expected no output but found [2 JE SUIS LE BASIC]
454: Expected [2] status but found [154]
455: Expected [2] status but found [154]
457: Expected [170] status but found [2]
457: Expected no output but found [2 JE SUIS LE BASIC]
460: Expected [2] status but found [0]
462: Expected [2] status but found [255]
pipe
465: Expected [42] status but found [0]
474: Expected [1] status but found [0]
475: Expected [1] status but found [0]
481: Expected [docker0: flags=4099<UP,BROADCAST,MULTICAST>  mtu 1500


   ether 02:42:27:cf:95:49  txqueuelen 0  (Ethernet)] output but found []
481: Expected no error output but found [minishell: ifconfig :command not found]
482: Expected [1] status but found [0]
482: Expected no error output but found [minishell: ifconfig :command not found]
483: Expected [bfresque] output but found []
484: Expected [bfresque] output but found []
486: Expected [ls: /usr/bin/ls /usr/share/man/man1/ls.1posix.gz /usr/share/man/man1/ls.1.gz$$] output but found [ls: /usr/bin/ls /usr/share/man/man1/ls.1.gz$$]
487: Expected [127] status but found [0]
487: Expected [hola: command not found] error output but found [minishell: hola :command not found]
488: Expected [2] status but found [0]
488: Expected [ls: cannot access 'hola': No such file or directory] error output but found [ls: impossible d'acc√©der √† 'hola': Aucun fichier ou dossier de ce type]
489: Expected [127] status but found [0]
489: Expected [hola: command not found] error output but found [minishell: hola :command not found]
490: Expected [hola: command not found] error output but found [minishell: hola :command not found]
491: Expected [hola: command not found] error output but found [minishell: hola :command not found]
494: Expected [1] status but found [0]
502: Expected [hola] output but found []
502: Expected no error output but found [minishell: syntax error near unexpected token '||']
503: Expected [2] status but found [0]
505: Expected [$$] output but found []
505: Expected no error output but found [cat: .testignore: Aucun fichier ou dossier de ce type]
506: Expected [syntax;] output but found []
506: Expected no error output but found [cat: .testignore: Aucun fichier ou dossier de ce type]
507: Expected [syntax;] output but found []
507: Expected no error output but found [cat: .testignore: Aucun fichier ou dossier de ce type]
508: Expected [1] status but found [0]
508: Expected [minishell: cd: file_not_exist: No such file or directory] error output but found []
509: Expected [127] status but found [0]
509: Expected [hello: command not found] error output but found [cat: .testignore: Aucun fichier ou dossier de ce type
minishell: hello :command not found]
512: Expected [1] status but found [0]
515: Expected [real0m3.002s


user0m0.003s] output but found []
515: Expected no error output but found [0.00user 0.00system 0:01.00elapsed 0%CPU (0avgtext+0avgdata 1892maxresident)k
0inputs+0outputs (0major+99minor)pagefaults 0swaps]
518: Expected no error output but found [b: No such file or directory
b: No such file or directory
rm: impossible de supprimer 'b': Aucun fichier ou dossier de ce type]
tricky
519: Expected [minishell: ./minishell: Permission denied] error output but found [./minishell: Permission denied]
520: Expected [2] status but found [0]
520: Expected [ls: cannot access 'hola': No such file or directory] error output but found [ls: impossible d'acc√©der √† 'hola': Aucun fichier ou dossier de ce type]
521: Expected [126] status but found [0]
521: Expected [minishell: ./README.md: Permission denied] error output but found [./README.md: Permission denied]
523: Expected no output but found [SHLVL=3
SHLVL=3
exit
SHLVL=3]
524: Expected [126] status but found [0]
524: Expected [minishell: ./hola: Permission denied] error output but found [./hola: Permission denied]
525: Expected [53] output but found [79]
526: Expected [127] status but found [0]
526: Expected [wc -l: command not found] error output but found [minishell: wc -l :command not found]
528: Expected [0] output but found []
528: Expected no error output but found [expr: argument non entier]
redir
535: Expected [que tal] output but found []
535: Expected no error output but found [bonjour: No such file or directory
bonjour: No such file or directory]
539: Expected [grep: /usr/bin/grep /usr/share/man/man1/grep.1.gz /usr/share/man/man1/grep.1posix.gz /usr/share/info/grep.info.gz] output but found [grep: /usr/bin/grep /usr/share/man/man1/grep.1.gz /usr/share/info/grep.info.gz]
543: Expected [2] status but found [0]
543: Expected [minishell: syntax error near unexpected token `>'] error output but found [minishell: syntax error near unexpected token >]
544: Expected [2] status but found [0]
544: Expected [minishell: syntax error near unexpected token `<'] error output but found [minishell: syntax error near unexpected token <]
545: Expected [2] status but found [0]
545: Expected [minishell: syntax error near unexpected token `>'] error output but found [minishell: syntax error near unexpected token >]
548: Expected [127] status but found [0]
548: Expected [minishell: prout: command not found] error output but found [minishell: prout :command not found]
559: Expected [hola] output but found []
559: Expected no error output but found [hello: No such file or directory
cat: hello: Aucun fichier ou dossier de ce type]
563: Expected [hola] output but found []
563: Expected no error output but found [bonjour: No such file or directory
cat: hello: Aucun fichier ou dossier de ce type]
565: Expected [hola] output but found []
565: Expected no error output but found [bonjour: No such file or directory
cat: hello: Aucun fichier ou dossier de ce type]
567: Expected [bonjour hola] output but found [hola bonjour]
568: Expected [] output but found []
572: Expected [1] status but found [0]
572: Expected [minishell: pwd: No such file or directory] error output but found []
573: Expected [1] status but found [0]
573: Expected [.: not enough arguments] error output but found [Makefile: No such file or directory]
574: Expected [1] status but found [0]
574: Expected [minishell: pwd: No such file or directory] error output but found []
575: Expected [1] status but found [0]
575: Expected [minishell: srcs/pwd: No such file or directory] error output but found [srcs/pwd: No such file or directory]
576: Expected [1] status but found [0]
576: Expected [minishell: ../pwd: No such file or directory] error output but found [../pwd: No such file or directory]
577: Expected [2] status but found [0]
577: Expected [minishell: syntax error near unexpected token `newline'] error output but found []
578: Expected [2] status but found [0]
578: Expected [minishell: syntax error near unexpected token `>'] error output but found [minishell: syntax error near unexpected token >]
579: Expected [2] status but found [0]
579: Expected [minishell: syntax error near unexpected token `<<'] error output but found [minishell: syntax error near unexpected token <]
580: Expected [2] status but found [0]
580: Expected [minishell: syntax error near unexpected token `>'] error output but found [minishell: syntax error near unexpected token >]
581: Expected [1] status but found [0]
581: Expected [minishell: ls: No such file or directory] error output but found [ls: No such file or directory]
582: Expected [1] status but found [0]
582: Expected [minishell: ls: No such file or directory] error output but found [ls: No such file or directory]
583: Expected [


ls1  [...]] output but found []
583: Expected [minishell: ls2: No such file or directory] error output but found [ls2: No such file or directory]
594: Expected [que tal] output but found []
594: Expected no error output but found [bonjour: No such file or directory
bonjour: No such file or directory]
595: Expected [hola] output but found []
595: Expected no error output but found [minishell: ec"ho hola  >  bonjour :command not found
cat: 'bo"njour': Aucun fichier ou dossier de ce type]
596: Expected no error output but found [cat: 1: Aucun fichier ou dossier de ce type]
597: Expected [1] status but found [0]
597: Expected no error output but found [cat: hey: Aucun fichier ou dossier de ce type]
598: Expected [minishell: prout: No such file or directory] error output but found [prout: No such file or directory]
599: Expected [


bonjour  hello] output but found []
599: Expected [minishell: prout: No such file or directory] error output but found [prout: No such file or directory]
600: Expected [minishell: prout: No such file or directory] error output but found [prout: No such file or directory]
601: Expected [


bonjour] output but found []
601: Expected [minishell: prout: No such file or directory] error output but found [prout: No such file or directory]
602: Expected [minishell: prout: No such file or directory] error output but found [prout: No such file or directory]
603: Expected [


bonjour  hello] output but found []
603: Expected [minishell: prout: No such file or directory] error output but found [prout: No such file or directory]
604: Expected [minishell: prout: No such file or directory] error output but found [prout: No such file or directory]
605: Expected [


bonjour] output but found []
605: Expected [minishell: prout: No such file or directory] error output but found [prout: No such file or directory]
606: Expected [minishell: prout: No such file or directory] error output but found [prout: No such file or directory]
607: Expected [


bonjour] output but found []
607: Expected [minishell: prout: No such file or directory] error output but found [prout: No such file or directory]
608: Expected [minishell: prout: No such file or directory] error output but found [prout: No such file or directory]
609: Expected [minishell: prout: No such file or directory] error output but found [prout: No such file or directory]
610: Expected [minishell: prout: No such file or directory] error output but found [prout: No such file or directory]
611: Expected [minishell: prout: No such file or directory] error output but found [prout: No such file or directory]
612: Expected [minishell: prout: No such file or directory] error output but found [prout: No such file or directory]
614: Expected [minishell: prout: No such file or directory] error output but found [prout: No such file or directory]
615: Expected [minishell: prout: No such file or directory] error output but found [prout: No such file or directory]
616: Expected [minishell: prout: No such file or directory] error output but found [prout: No such file or directory]
617: Expected [minishell: prout: No such file or directory] error output but found [prout: No such file or directory]
619: Expected [2] status but found [0]
619: Expected [ls: cannot access 'bonjour': No such file or directory] error output but found [ls: impossible d'acc√©der √† 'bonjour': Aucun fichier ou dossier de ce type]
620: Expected ['bonjour hello' [...]] output but found [$"HOLA"
$HOLA
bonjour\
echo
examples]
621: Expected ['bonjour hello' [...]] output but found [$"HOLA"
$HOLA
bonjour\
echo
examples]
622: Expected [HOLA [...]] output but found [$"HOLA"
$HOLA
bonjour\
echo
examples]
623: Expected ['bonjour hello' hey [...]] output but found [$"HOLA"
$HOLA
bonjour\
echo
examples]
624: Expected ['bonjour hello' hey [...]] output but found [$"HOLA"
$HOLA
bonjour\
echo
examples]
625: Expected ['bonjour hello' hey [...]] output but found [$"HOLA"
$HOLA
bonjour\
echo
examples]
634: Expected [Amour Tu es Horrible] output but found []
635: Expected [


Amour] output but found []
635: Expected no error output but found [e: No such file or directory
cat: e: Aucun fichier ou dossier de ce type]
heredoc
638: Expected [/home/bfresque] output but found [> 
> 
> $HOME
> 
> ]
647: Expected [2] status but found [0]
647: Expected no output but found [> minishell: warning: here-document at line 0 delimited by end-of-file (wanted '')]
647: Expected [minishell: syntax error near unexpected token `newline'] error output but found []
648: Expected no output but found [> 
> 
> prout
> 
> ]
649: Expected [127] status but found [0]
649: Expected no output but found [> 
> 
> prout
> 
> ]
649: Expected [prout: command not found] error output but found [minishell: prout :command not found]
654: Expected [hola] output but found [> minishell: warning: here-document at line 0 delimited by end-of-file (wanted '')]
654: Expected no error output but found [bonjour: No such file or directory]
655: Expected [2] status but found [0]
655: Expected no output but found [> minishell: warning: here-document at line 0 delimited by end-of-file (wanted '')
> minishell: warning: here-document at line 0 delimited by end-of-file (wanted 'bonjour')
hola]
655: Expected [minishell: syntax error near unexpected token `<'] error output but found []
656: Expected [2] status but found [0]
656: Expected no output but found [> minishell: warning: here-document at line 0 delimited by end-of-file (wanted '')
> minishell: warning: here-document at line 0 delimited by end-of-file (wanted '')]
656: Expected [minishell: syntax error near unexpected token `<<'] error output but found [bonjour: No such file or directory]
parandor
658: Expected [/home/bfresque/T√©l√©chargements/9-Minishell-main/minishell42tester] output but found []
658: Expected no error output but found [minishell: syntax error near unexpected token '||']
659: Expected [hola] output but found []
659: Expected no error output but found [minishell: syntax error near unexpected token '||']
661: Expected [bonjour] output but found []
661: Expected no error output but found [minishell: syntax error near unexpected token '||']
663: Expected [bonjourhola] output but found [bonjour && echo -n holaminishell$> exit]
665: Expected [/home/bfresque/T√©l√©chargements/9-Minishell-main/minishell42tester


hola] output but found []
665: Expected no error output but found [minishell: syntax error near unexpected token '||']
666: Expected [/home/bfresque/T√©l√©chargements/9-Minishell-main/minishell42tester


minitester.sh] output but found []
666: Expected no error output but found [minishell: syntax error near unexpected token '||']
667: Expected [/home/bfresque/T√©l√©chargements/9-Minishell-main/minishell42tester] output but found []
667: Expected no error output but found [minishell: syntax error near unexpected token '||']
668: Expected [minitester.sh] output but found []
668: Expected no error output but found [minishell: syntax error near unexpected token '||']
669: Expected [minitester.sh] output but found []
669: Expected [minishell: export: `': not a valid identifier] error output but found [minishell: syntax error near unexpected token '||']
670: Expected [1] status but found [134]
670: Expected [minitester.sh] output but found []
670: Expected [minishell: export: `': not a valid identifier] error output but found [minishell: malloc.c:2379: sysmalloc: Assertion `(old_top == initial_top (av) && old_size == 0) || ((unsigned long) (old_size) >= MINSIZE && prev_inuse (old_top) && ((unsigned long) old_end & (pagesize - 1)) == 0)' failed.]
671: Expected [1] status but found [0]
671: Expected [minishell: export: `': not a valid identifier] error output but found [minishell: export: `""': not a valid identifier]
672: Expected [2] status but found [0]
673: Expected [2] status but found [0]
674: Expected [2] status but found [0]
675: Expected [2] status but found [0]
676: Expected [2] status but found [0]
676: Expected [minishell: syntax error near unexpected token `newline'] error output but found [minishell: syntax error near unexpected token '||']
677: Expected [2] status but found [0]
677: Expected [minishell: syntax error near unexpected token `newline'] error output but found []
678: Expected no error output but found [minishell: syntax error near unexpected token '||']
680: Expected [minitester.sh] output but found []
680: Expected no error output but found [minishell: syntax error near unexpected token '||']
681: Expected [minitester.sh] output but found []
682: Expected [1] status but found [0]
682: Expected [minishell: export: `': not a valid identifier] error output but found [minishell: export: `""': not a valid identifier]
683: Expected [minitester.sh] output but found []
683: Expected no error output but found [minishell: (ls) :command not found]
684: Expected [minitester.sh] output but found []
684: Expected no error output but found [minishell: ( :command not found]
685: Expected [2] status but found [0]
685: Expected [minishell: syntax error near unexpected token `)'] error output but found [minishell: ( :command not found]
686: Expected [minitester.sh


minitester.sh] output but found []
686: Expected no error output but found [ls: impossible d'acc√©der √† '&&': Aucun fichier ou dossier de ce type
ls: impossible d'acc√©der √† '(ls)': Aucun fichier ou dossier de ce type]
687: Expected [minitester.sh


/home/bfresque/T√©l√©chargements/9-Minishell-main/minishell42tester] output but found []
687: Expected no error output but found [minishell: (ls :command not found]
688: Expected [minitester.sh


/home/bfresque/T√©l√©chargements/9-Minishell-main/minishell42tester] output but found []
688: Expected no error output but found [minishell: ( :command not found]
689: Expected [minitester.sh


/home/bfresque/T√©l√©chargements/9-Minishell-main/minishell42tester] output but found []
689: Expected no error output but found [minishell: ( :command not found]
690: Expected [minitester.sh


/home/bfresque/T√©l√©chargements/9-Minishell-main/minishell42tester] output but found []
690: Expected no error output but found [minishell: (ls :command not found]
691: Expected [crashtest.c


Docs] output but found []
691: Expected no error output but found [minishell: (ls :command not found]
692: Expected [/home/bfresque/T√©l√©chargements/9-Minishell-main/minishell42tester] output but found []
692: Expected no error output but found [ls: impossible d'acc√©der √† '&&': Aucun fichier ou dossier de ce type
ls: impossible d'acc√©der √† 'pwd': Aucun fichier ou dossier de ce type]
693: Expected [2] status but found [0]
693: Expected [minishell: syntax error near unexpected token `('] error output but found [minishell: (ls :command not found]
694: Expected no error output but found [minishell: ( :command not found
rm: impossible de supprimer 'pwd': Aucun fichier ou dossier de ce type]
695: Expected [minishell: pwd: No such file or directory] error output but found [minishell: ( :command not found]
696: Expected [1] status but found [0]
696: Expected [minishell: pwd: No such file or directory] error output but found [minishell: ( :command not found]
697: Expected [/home/bfresque/T√©l√©chargements/9-Minishell-main/minishell42tester] output but found []
697: Expected no error output but found [minishell: ( :command not found]
698: Expected [2] status but found [0]
698: Expected [minishell: syntax error near unexpected token `)'] error output but found [minishell: () :command not found]
699: Expected [2] status but found [0]
699: Expected [minishell: syntax error near unexpected token `('] error output but found [minishell: (ls) :command not found]
700: Expected [logfile.txt


logfile.txt] output but found []
700: Expected no error output but found [minishell: syntax error near unexpected token '||']
701: Expected [/home/bfresque/T√©l√©chargements/9-Minishell-main/minishell42tester


/home/bfresque/T√©l√©chargements/9-Minishell-main/minishell42tester] output but found []
702: Expected [127] status but found [0]
702: Expected [lss: command not found] error output but found [minishell: (lss&&pwd)&&(lss&&pwd) :command not found]
703: Expected [crashtest.c


Docs] output but found []
703: Expected no error output but found [minishell: (ls :command not found
minishell: wc) :command not found]
704: Expected [crashtest.c


Docs] output but found []
704: Expected no error output but found [minishell: (ls :command not found
minishell: wc) :command not found
minishell: (ls :command not found
minishell: wc) :command not found]
705: Expected [hey] output but found []
705: Expected no error output but found [minishell: (ls :command not found
minishell: wc) :command not found
minishell: wc) :command not found]
706: Expected [      1       1      34] output but found []
706: Expected no error output but found [minishell: minishell: (pwdwc) :command not found :command not found]
707: Expected [logfile.txt


      1       1      34] output but found []
707: Expected no error output but found [minishell: (ls :command not found
minishell: wc) :command not found]
708: Expected [      1       1      34] output but found []
708: Expected [ls: invalid option -- 'z'] error output but found [minishell: syntax error near unexpected token '||']
709: Expected [      1       1      34] output but found []
709: Expected no error output but found [minishell: (pwd :command not found
minishell: wc) :command not found]
710: Expected [logfile.txt


      1       1      34] output but found []
710: Expected no error output but found [minishell: (ls :command not found
minishell: wc) :command not found]
711: Expected [      1       1      34] output but found []
711: Expected [ls: invalid option -- 'z'] error output but found [minishell: syntax error near unexpected token '||']
712: Expected [/home/bfresque/T√©l√©chargements/9-Minishell-main/minishell42tester


logfile.txt] output but found []
712: Expected [ls: invalid option -- 'z'] error output but found [minishell: syntax error near unexpected token '||']
713: Expected [logfile.txt


      1       1      34] output but found []
713: Expected no error output but found [minishell: syntax error near unexpected token '||']
714: Expected [2] status but found [0]
714: Expected [ls: invalid option -- 'z'] error output but found [ls¬†: option invalide -- 'z'
Saisissez ¬´¬†ls --help¬†¬ª pour plus d'informations.]
715: Expected [/home/bfresque/T√©l√©chargements/9-Minishell-main/minishell42tester] output but found []
715: Expected no error output but found [minishell: (ls :command not found]
717: Expected [/home/bfresque/


/home/bfresque/] output but found []
717: Expected no error output but found [cd: too many arguments]
718: Expected [/home/bfresque/


/home/bfresque/T√©l√©chargements/9-Minishell-main/minishell42tester] output but found []
718: Expected no error output but found [minishell: (cd :command not found]
719: Expected no error output but found [minishell: syntax error near unexpected token '||']
720: Expected no error output but found [minishell: syntax error near unexpected token '||']
721: Expected [2] status but found [0]
721: Expected no output but found [/home/bfresque/T√©l√©chargements/9-Minishell-main/minishell42tester]
721: Expected [minishell: syntax error near unexpected token `&&'] error output but found []
722: Expected [2] status but found [0]
722: Expected [minishell: syntax error near unexpected token `||'] error output but found [minishell: syntax error near unexpected token '||']
723: Expected [2] status but found [0]
723: Expected [minishell: syntax error near unexpected token `&&'] error output but found [minishell: && :command not found]
724: Expected [2] status but found [0]
724: Expected [minishell: syntax error near unexpected token `||'] error output but found [minishell: syntax error near unexpected token '||']
wildcard
725: Expected [minitester.sh] output but found []
725: Expected no error output but found [ls: impossible d'acc√©der √† '*': Aucun fichier ou dossier de ce type]
726: Expected [ignore_rl_leaks.supp


logfile.txt] output but found []
726: Expected no error output but found [ls: impossible d'acc√©der √† '*.*': Aucun fichier ou dossier de ce type]
727: Expected [2] status but found [0]
727: Expected [ls: cannot access '*.hola': No such file or directory] error output but found [ls: impossible d'acc√©der √† '*.hola': Aucun fichier ou dossier de ce type]
728: Expected [syntax;] output but found []
728: Expected no error output but found [cat: '.*es*re': Aucun fichier ou dossier de ce type]
729: Expected [1] status but found [0]
729: Expected [cat: '.*es*are': No such file or directory] error output but found [cat: '.*es*are': Aucun fichier ou dossier de ce type]
730: Expected [syntax;] output but found []
730: Expected no error output but found [cat: '.*es*re': Aucun fichier ou dossier de ce type]
